<?xml version="1.0" encoding="UTF-8"?>
<!-- Generated by org.testng.reporters.JUnitXMLReporter -->
<testsuite ignored="0" hostname="YahshuK-LAP" failures="1" tests="13" name="Account Validation" time="139.572" errors="0" timestamp="2022-10-10T18:01:47 IST">
  <testcase classname="com.testcases.booksPageTest" name="validatebooksLinkTest" time="30.672"/>
  <testcase classname="com.testcases.homepageTest" name="takeScreenshoTest2" time="0.007">
    <failure type="java.lang.AssertionError" message="expected [true] but found [false]">
      <![CDATA[java.lang.AssertionError: expected [true] but found [false]
at com.testcases.homepageTest.takeScreenshoTest2(homepageTest.java:44)
at java.base/java.util.ArrayList.forEach(ArrayList.java:1511)
... Removed 33 stack frames]]>
    </failure>
  </testcase> <!-- takeScreenshoTest2 -->
  <testcase classname="com.testcases.homepageTest" name="verfiyLetUsHelpYouTest" time="0.066"/>
  <testcase classname="com.testcases.homepageTest" name="verifyConnectWithUsTest" time="0.073"/>
  <testcase classname="com.testcases.homepageTest" name="verifyGetToKnowUs" time="0.058"/>
  <testcase classname="com.testcases.homepageTest" name="verifyMakeMoneyWithUsTest" time="0.038"/>
  <testcase classname="com.testcases.homepageTest" name="verifyTitleTest" time="0.04"/>
  <testcase classname="com.testcases.facebookPageTest" name="validateFacebookPageTitleTest" time="0.102"/>
  <testcase classname="com.testcases.dataProviderPageTest" name="data" time="1.615"/>
  <testcase classname="com.testcases.dataProviderPageTest" name="data" time="2.046"/>
  <testcase classname="com.testcases.dataProviderPageTest" name="data" time="2.005"/>
  <testcase classname="com.testcases.dataProviderPageTest" name="data" time="1.665"/>
  <testcase classname="com.testcases.instagramPageTest" name="validateInstagramPageTitleTest" time="20.623"/>
</testsuite> <!-- Account Validation -->
