<?xml version="1.0" encoding="UTF-8"?>
<!-- Generated by org.testng.reporters.JUnitXMLReporter -->
<testsuite ignored="0" hostname="YahshuK-LAP" failures="1" tests="12" name="Account Validation chrome" time="54.842" errors="0" timestamp="2022-10-10T19:12:17 IST">
  <testcase classname="com.testcases.dataProviderPageTest" name="data" time="1.839"/>
  <testcase classname="com.testcases.dataProviderPageTest" name="data" time="1.892"/>
  <testcase classname="com.testcases.dataProviderPageTest" name="data" time="2.304"/>
  <testcase classname="com.testcases.dataProviderPageTest" name="data" time="1.835"/>
  <testcase classname="com.testcases.homepageTest" name="takeScreenshoTest2" time="0.002">
    <failure type="java.lang.AssertionError" message="expected [true] but found [false]">
      <![CDATA[java.lang.AssertionError: expected [true] but found [false]
at com.testcases.homepageTest.takeScreenshoTest2(homepageTest.java:45)
at java.base/java.util.ArrayList.forEach(ArrayList.java:1511)
at java.base/java.util.concurrent.FutureTask.run(FutureTask.java:264)
at java.base/java.util.concurrent.ThreadPoolExecutor.runWorker(ThreadPoolExecutor.java:1136)
at java.base/java.util.concurrent.ThreadPoolExecutor$Worker.run(ThreadPoolExecutor.java:635)
at java.base/java.lang.Thread.run(Thread.java:833)
... Removed 23 stack frames]]>
    </failure>
  </testcase> <!-- takeScreenshoTest2 -->
  <testcase classname="com.testcases.instagramPageTest" name="validateInstagramPageTitleTest" time="0.002"/>
  <testcase classname="com.testcases.booksPageTest" name="validatebooksLinkTest" time="0.003"/>
  <testcase classname="com.testcases.homepageTest" name="verfiyLetUsHelpYouTest" time="0.002"/>
  <testcase classname="com.testcases.homepageTest" name="verifyConnectWithUsTest" time="0.001"/>
  <testcase classname="com.testcases.homepageTest" name="verifyGetToKnowUs" time="0.001"/>
  <testcase classname="com.testcases.homepageTest" name="verifyMakeMoneyWithUsTest" time="0.002"/>
  <testcase classname="com.testcases.homepageTest" name="verifyTitleTest" time="0.002"/>
</testsuite> <!-- Account Validation chrome -->
