<?xml version="1.0" encoding="UTF-8"?>
<!-- Generated by org.testng.reporters.JUnitReportReporter -->
<testsuite hostname="YahshuK-LAP" failures="0" tests="2" name="com.testcases.instagramPageTest" time="7.245" errors="0" timestamp="2022-10-10T19:12:19 IST" skipped="0">
  <testcase classname="com.testcases.instagramPageTest" name="validateInstagramPageTitleTest" time="3.569"/>
  <system-out/>
  <testcase classname="com.testcases.instagramPageTest" name="validateInstagramPageTitleTest" time="3.676"/>
  <system-out/>
</testsuite> <!-- com.testcases.instagramPageTest -->
