<?xml version="1.0" encoding="UTF-8"?>
<!-- Generated by org.testng.reporters.JUnitReportReporter -->
<testsuite hostname="YahshuK-LAP" failures="0" tests="8" name="com.testcases.dataProviderPageTest" time="49.673" errors="0" timestamp="2022-10-10T19:12:19 IST" skipped="0">
  <testcase classname="com.testcases.dataProviderPageTest" name="data" time="7.760"/>
  <system-out/>
  <testcase classname="com.testcases.dataProviderPageTest" name="data" time="5.820"/>
  <system-out/>
  <testcase classname="com.testcases.dataProviderPageTest" name="data" time="7.620"/>
  <system-out/>
  <testcase classname="com.testcases.dataProviderPageTest" name="data" time="5.538"/>
  <system-out/>
  <testcase classname="com.testcases.dataProviderPageTest" name="data" time="5.820"/>
  <system-out/>
  <testcase classname="com.testcases.dataProviderPageTest" name="data" time="5.602"/>
  <system-out/>
  <testcase classname="com.testcases.dataProviderPageTest" name="data" time="5.866"/>
  <system-out/>
  <testcase classname="com.testcases.dataProviderPageTest" name="data" time="5.647"/>
  <system-out/>
</testsuite> <!-- com.testcases.dataProviderPageTest -->
